<?xml version="1.0" encoding="UTF-8"?>
<testsuite name="MorseCodeTest" tests="2" skipped="0" failures="0" errors="0" timestamp="2019-12-03T12:40:58" hostname="recruit-ThinkCentre-M73" time="0.014">
  <properties/>
  <testcase name="morseCodeToLetters()" classname="MorseCodeTest" time="0.011"/>
  <testcase name="lettersToMorseCode()" classname="MorseCodeTest" time="0.001"/>
  <system-out><![CDATA[]]></system-out>
  <system-err><![CDATA[]]></system-err>
</testsuite>
